0 info it worked if it ends with ok
1 verbose cli [ '/usr/local/Cellar/node/5.10.1/bin/node',
1 verbose cli   '/usr/local/bin/npm',
1 verbose cli   'run',
1 verbose cli   'bundle' ]
2 info using npm@3.8.3
3 info using node@v5.10.1
4 verbose run-script [ 'prebundle', 'bundle', 'postbundle' ]
5 info lifecycle react-workshop@1.0.0~prebundle: react-workshop@1.0.0
6 silly lifecycle react-workshop@1.0.0~prebundle: no script for prebundle, continuing
7 info lifecycle react-workshop@1.0.0~bundle: react-workshop@1.0.0
8 verbose lifecycle react-workshop@1.0.0~bundle: unsafe-perm in lifecycle true
9 verbose lifecycle react-workshop@1.0.0~bundle: PATH: /usr/local/lib/node_modules/npm/bin/node-gyp-bin:/Users/eespinosa/Documents/Coding/www/reactWorkshop/node_modules/.bin:/usr/local/Cellar/node/5.10.1/bin:/usr/local/lib/node_modules/npm/bin/node-gyp-bin:/Users/eespinosa/Documents/Coding/www/reactWorkshop/node_modules/.bin:/usr/local/Cellar/node/5.10.1/bin:/usr/local/lib/node_modules/npm/bin/node-gyp-bin:/Users/eespinosa/Documents/Coding/www/reactWorkshop/node_modules/.bin:/usr/local/Cellar/node/5.10.1/bin:/Users/eespinosa/.rvm/gems/ruby-2.2.0/bin:/Users/eespinosa/.rvm/gems/ruby-2.2.0@global/bin:/Users/eespinosa/.rvm/rubies/ruby-2.2.0/bin:/usr/local/heroku/bin:/Users/n/.rbenv/versions/2.0.0-p0/bin:/Users/n/.rbenv/versions/2.0.0-p0/lib/ruby/gems/2.0.0/gems:/Users/n/.rbenv/versions/2.0.0-p0/lib/ruby/gems/2.0.0:/usr/local/bin:/usr/bin:/bin:/usr/sbin:/sbin:/opt/X11/bin:/usr/texbin:/Users/eespinosa/.rvm/gems/ruby-2.2.0/bin:/Users/eespinosa/.rvm/gems/ruby-2.2.0@global/bin:/Users/eespinosa/.rvm/rubies/ruby-2.2.0/bin:/usr/local/heroku/bin:/Applications/MAMP/bin/php/php5.5.3/bin/:/Library/Frameworks/Python.framework/Versions/2.7/bin:/Users/n/.rbenv/versions/2.0.0-p0/bin:/Users/n/.rbenv/versions/2.0.0-p0/lib/ruby/gems/2.0.0/gems:/Users/n/.rbenv/versions/2.0.0-p0/lib/ruby/gems/2.0.0:/usr/local/bin:/usr/bin:/bin:/usr/sbin:/sbin:/opt/X11/bin:/usr/texbin:/Users/eespinosa/.rvm/bin
10 verbose lifecycle react-workshop@1.0.0~bundle: CWD: /Users/eespinosa/Documents/Coding/www/reactWorkshop
11 silly lifecycle react-workshop@1.0.0~bundle: Args: [ '-c',
11 silly lifecycle   'mkdir -p dist/js && browserify -t [ babelify --presets [ react ] ] source/js/index.js -o dist/js/bundle.js' ]
12 silly lifecycle react-workshop@1.0.0~bundle: Returned: code: 1  signal: null
13 info lifecycle react-workshop@1.0.0~bundle: Failed to exec bundle script
14 verbose stack Error: react-workshop@1.0.0 bundle: `mkdir -p dist/js && browserify -t [ babelify --presets [ react ] ] source/js/index.js -o dist/js/bundle.js`
14 verbose stack Exit status 1
14 verbose stack     at EventEmitter.<anonymous> (/usr/local/lib/node_modules/npm/lib/utils/lifecycle.js:239:16)
14 verbose stack     at emitTwo (events.js:100:13)
14 verbose stack     at EventEmitter.emit (events.js:185:7)
14 verbose stack     at ChildProcess.<anonymous> (/usr/local/lib/node_modules/npm/lib/utils/spawn.js:24:14)
14 verbose stack     at emitTwo (events.js:100:13)
14 verbose stack     at ChildProcess.emit (events.js:185:7)
14 verbose stack     at maybeClose (internal/child_process.js:850:16)
14 verbose stack     at Process.ChildProcess._handle.onexit (internal/child_process.js:215:5)
15 verbose pkgid react-workshop@1.0.0
16 verbose cwd /Users/eespinosa/Documents/Coding/www/reactWorkshop
17 error Darwin 15.4.0
18 error argv "/usr/local/Cellar/node/5.10.1/bin/node" "/usr/local/bin/npm" "run" "bundle"
19 error node v5.10.1
20 error npm  v3.8.3
21 error code ELIFECYCLE
22 error react-workshop@1.0.0 bundle: `mkdir -p dist/js && browserify -t [ babelify --presets [ react ] ] source/js/index.js -o dist/js/bundle.js`
22 error Exit status 1
23 error Failed at the react-workshop@1.0.0 bundle script 'mkdir -p dist/js && browserify -t [ babelify --presets [ react ] ] source/js/index.js -o dist/js/bundle.js'.
23 error Make sure you have the latest version of node.js and npm installed.
23 error If you do, this is most likely a problem with the react-workshop package,
23 error not with npm itself.
23 error Tell the author that this fails on your system:
23 error     mkdir -p dist/js && browserify -t [ babelify --presets [ react ] ] source/js/index.js -o dist/js/bundle.js
23 error You can get information on how to open an issue for this project with:
23 error     npm bugs react-workshop
23 error Or if that isn't available, you can get their info via:
23 error     npm owner ls react-workshop
23 error There is likely additional logging output above.
24 verbose exit [ 1, true ]
